<?xml version="1.0" encoding="UTF-8"?>
<!-- Generated by org.testng.reporters.JUnitReportReporter -->
<testsuite hostname="JAMUNA" failures="0" tests="2" name="com.mypro.Test.IndexTest" time="24.545" errors="0" timestamp="2022-10-23T12:46:53 IST" skipped="0">
  <testcase classname="com.mypro.Test.IndexTest" name="verifyLogo" time="9.206"/>
  <system-out/>
  <testcase classname="com.mypro.Test.IndexTest" name="verifyTitle" time="15.339"/>
  <system-out/>
</testsuite> <!-- com.mypro.Test.IndexTest -->
