<?xml version="1.0" encoding="UTF-8"?>
<!-- Generated by org.testng.reporters.JUnitReportReporter -->
<testsuite hostname="JAMUNA" failures="0" tests="1" name="com.mypro.Test.AddToCartTest" time="31.628" errors="0" timestamp="2022-10-15T12:25:09 IST" skipped="0">
  <testcase classname="com.mypro.Test.AddToCartTest" name="validateAddToCartTest" time="31.628"/>
  <system-out/>
</testsuite> <!-- com.mypro.Test.AddToCartTest -->
