<?xml version="1.0" encoding="UTF-8"?>
<!-- Generated by org.testng.reporters.JUnitReportReporter -->
<testsuite hostname="JAMUNA" failures="0" tests="2" name="com.mypro.Test.HomePageTest" time="54.176" errors="0" timestamp="2022-10-11T18:08:32 IST" skipped="0">
  <testcase classname="com.mypro.Test.HomePageTest" name="whishListTest" time="29.041"/>
  <system-out/>
  <testcase classname="com.mypro.Test.HomePageTest" name="orderHistoryAndDetailsTest" time="25.135"/>
  <system-out/>
</testsuite> <!-- com.mypro.Test.HomePageTest -->
