<?xml version="1.0" encoding="UTF-8"?>
<!-- Generated by org.testng.reporters.JUnitReportReporter -->
<testsuite hostname="JAMUNA" failures="0" tests="1" name="com.mypro.Test.AccountCreationPageTest" time="24.943" errors="0" timestamp="2022-10-11T18:23:38 IST" skipped="0">
  <testcase classname="com.mypro.Test.AccountCreationPageTest" name="validateCreateAccountPage" time="24.943"/>
  <system-out/>
</testsuite> <!-- com.mypro.Test.AccountCreationPageTest -->
