<?xml version="1.0" encoding="UTF-8"?>
<!-- Generated by org.testng.reporters.JUnitReportReporter -->
<testsuite hostname="JAMUNA" failures="0" tests="1" name="com.mypro.Test.LoginPageTest" time="16.738" errors="0" timestamp="2022-10-23T12:46:53 IST" skipped="0">
  <testcase classname="com.mypro.Test.LoginPageTest" name="loginTest" time="16.738"/>
  <system-out/>
</testsuite> <!-- com.mypro.Test.LoginPageTest -->
