<?xml version="1.0" encoding="UTF-8"?>
<!-- Generated by org.testng.reporters.JUnitReportReporter -->
<testsuite hostname="JAMUNA" failures="0" tests="1" name="com.mypro.Test.LoginPageTest" time="18.170" errors="0" timestamp="2022-10-18T22:29:02 IST" skipped="0">
  <testcase classname="com.mypro.Test.LoginPageTest" name="loginTest2" time="18.170"/>
  <system-out/>
</testsuite> <!-- com.mypro.Test.LoginPageTest -->
